<?xml version="1.0" encoding="UTF-8"?>
<testsuite name="Regression Test"
           tests="5"
           failures="0"
           errors="0"
           skipped="0"
           time="74.403">
  <properties />
  
  
            <testcase name="verifyUserShouldAddProductToTheCartSuccessfully" time="17.868" classname="com.automation.testsuite.WomenCategoryPageTest" />
                <testcase name="verifyUserShouldAddProductToTheCartSuccessfully" time="18.966" classname="com.automation.testsuite.WomenCategoryPageTest" />
                <testcase name="verifyUserShouldNavigateToWomenCategoryPageSuccessfully" time="1.768" classname="com.automation.testsuite.WomenCategoryPageTest" />
                <testcase name="verifyUserShouldAddProductToTheCartSuccessfully" time="17.826" classname="com.automation.testsuite.WomenCategoryPageTest" />
                <testcase name="verifyUserShouldAddProductToTheCartSuccessfully" time="17.975" classname="com.automation.testsuite.WomenCategoryPageTest" />
      
</testsuite>
