<?xml version="1.0" encoding="UTF-8"?>
<testsuite name="Regression Test"
           tests="7"
           failures="0"
           errors="0"
           skipped="0"
           time="69.715">
  <properties />
  
  
            <testcase name="verifyTheErrorMessageWithInValidCredentials" time="17.884" classname="com.automation.testsuite.SignPageTest" />
                <testcase name="verifyTheErrorMessageWithInValidCredentials" time="3.064" classname="com.automation.testsuite.SignPageTest" />
                <testcase name="VerifyThatUserShouldLogOutSuccessFully" time="7.108" classname="com.automation.testsuite.SignPageTest" />
                <testcase name="userShouldNavigateToSignInPageSuccessFully" time="2.270" classname="com.automation.testsuite.SignPageTest" />
                <testcase name="verifyTheErrorMessageWithInValidCredentials" time="17.727" classname="com.automation.testsuite.SignPageTest" />
                <testcase name="verifyTheErrorMessageWithInValidCredentials" time="18.551" classname="com.automation.testsuite.SignPageTest" />
                <testcase name="verifyThatUserShouldLogInSuccessFullyWithValidCredentials" time="3.111" classname="com.automation.testsuite.SignPageTest" />
      
</testsuite>
